<?xml version="1.0" encoding="UTF-8"?>
<!-- Generated by org.testng.reporters.JUnitReportReporter -->
<testsuite skipped="0" hostname="GFL-2333" name="suites.main_page_test.TestMainPage" tests="21" failures="0" timestamp="2021-10-18T01:24:26 EEST" time="51.405" errors="0">
  <testcase name="test_07_checkAboutUsLinkHover" time="1.299" classname="suites.main_page_test.TestMainPage"/>
  <system-out/>
  <testcase name="test_01_checkPageTitle" time="0.608" classname="suites.main_page_test.TestMainPage"/>
  <system-out/>
  <testcase name="test_09_checkAboutUsLink" time="6.971" classname="suites.main_page_test.TestMainPage"/>
  <system-out/>
  <testcase name="test_11_checkEvolutionSectionImage" time="0.581" classname="suites.main_page_test.TestMainPage"/>
  <system-out/>
  <testcase name="test_13_checkNebulaBackgroundImage" time="1.307" classname="suites.main_page_test.TestMainPage"/>
  <system-out/>
  <testcase name="test_10_checkEvolutionSectionText" time="0.659" classname="suites.main_page_test.TestMainPage"/>
  <system-out/>
  <testcase name="test_08_checkAboutUsLinkArrowHover" time="1.356" classname="suites.main_page_test.TestMainPage"/>
  <system-out/>
  <testcase name="test_18_checkFaqMenus" time="1.853" classname="suites.main_page_test.TestMainPage"/>
  <system-out/>
  <testcase name="test_15_checkFaqTitleText" time="0.591" classname="suites.main_page_test.TestMainPage"/>
  <system-out/>
  <testcase name="test_16_checkElectronToGoAppLink" time="6.966" classname="suites.main_page_test.TestMainPage"/>
  <system-out/>
  <testcase name="test_04_checkWtfText" time="0.772" classname="suites.main_page_test.TestMainPage"/>
  <system-out/>
  <testcase name="test_05_checkVideoSourceName" time="1.449" classname="suites.main_page_test.TestMainPage"/>
  <system-out/>
  <testcase name="test_20_checkTwitterLink" time="2.923" classname="suites.main_page_test.TestMainPage"/>
  <system-out/>
  <testcase name="test_14_checkEnterTheNebulaButton" time="4.483" classname="suites.main_page_test.TestMainPage"/>
  <system-out/>
  <testcase name="test_19_checkDiscordLink" time="3.141" classname="suites.main_page_test.TestMainPage"/>
  <system-out/>
  <testcase name="test_12_checkNebulaSectionText" time="0.670" classname="suites.main_page_test.TestMainPage"/>
  <system-out/>
  <testcase name="test_06_checkProgressSectionText" time="0.559" classname="suites.main_page_test.TestMainPage"/>
  <system-out/>
  <testcase name="test_17_checkStellarEvolutionLink" time="2.937" classname="suites.main_page_test.TestMainPage"/>
  <system-out/>
  <testcase name="test_02_checkHeaderText" time="0.597" classname="suites.main_page_test.TestMainPage"/>
  <system-out/>
  <testcase name="test_03_checkScreenResizer" time="8.679" classname="suites.main_page_test.TestMainPage"/>
  <system-out/>
  <testcase name="test_21_checkMediumLink" time="3.004" classname="suites.main_page_test.TestMainPage"/>
  <system-out/>
</testsuite> <!-- suites.main_page_test.TestMainPage -->
